[I 2026-04-29 15:14:43,091] Using an existing study with name 'ship_aux-sign-auto-cos-inc_stage1only_100k_lr0p0003_decay100_mlr0.0003_args_muon_lr_only' instead of creating a new one.
[DONE] Summary saved to /home/greenx9/nerf-pytorch/exp_ips_github/logs/100k_muon_lr/ship/aux-sign-auto-cos-inc/lr0p0003_decay100_mlr0.0003_args/ship_aux-sign-auto-cos-inc_100k_lr0p0003_decay100_mlr0.0003_args_muon_lr_only_summary.json
Traceback (most recent call last):
  File "/home/greenx9/miniconda3/envs/nerf/lib/python3.8/site-packages/optuna/study/_optimize.py", line 213, in _run_trial
    updated_state, values, warning_message = _tell_with_warning(
  File "/home/greenx9/miniconda3/envs/nerf/lib/python3.8/site-packages/optuna/study/_tell.py", line 175, in _tell_with_warning
    study._storage.set_trial_state_values(frozen_trial._trial_id, state, values)
  File "/home/greenx9/miniconda3/envs/nerf/lib/python3.8/site-packages/optuna/storages/_cached_storage.py", line 185, in set_trial_state_values
    return self._backend.set_trial_state_values(trial_id, state=state, values=values)
  File "/home/greenx9/miniconda3/envs/nerf/lib/python3.8/site-packages/optuna/storages/_rdb/storage.py", line 641, in set_trial_state_values
    trial.datetime_complete = datetime.now()
  File "/home/greenx9/miniconda3/envs/nerf/lib/python3.8/contextlib.py", line 120, in __exit__
    next(self.gen)
  File "/home/greenx9/miniconda3/envs/nerf/lib/python3.8/site-packages/optuna/storages/_rdb/storage.py", line 78, in _create_scoped_session
    session.commit()
  File "/home/greenx9/miniconda3/envs/nerf/lib/python3.8/site-packages/sqlalchemy/orm/session.py", line 2030, in commit
    trans.commit(_to_root=True)
  File "<string>", line 2, in commit
  File "/home/greenx9/miniconda3/envs/nerf/lib/python3.8/site-packages/sqlalchemy/orm/state_changes.py", line 137, in _go
    ret_value = fn(self, *arg, **kw)
  File "/home/greenx9/miniconda3/envs/nerf/lib/python3.8/site-packages/sqlalchemy/orm/session.py", line 1318, in commit
    trans.commit()
  File "/home/greenx9/miniconda3/envs/nerf/lib/python3.8/site-packages/sqlalchemy/engine/base.py", line 2640, in commit
    self._do_commit()
  File "/home/greenx9/miniconda3/envs/nerf/lib/python3.8/site-packages/sqlalchemy/engine/base.py", line 2745, in _do_commit
    self._connection_commit_impl()
  File "/home/greenx9/miniconda3/envs/nerf/lib/python3.8/site-packages/sqlalchemy/engine/base.py", line 2716, in _connection_commit_impl
    self.connection._commit_impl()
  File "/home/greenx9/miniconda3/envs/nerf/lib/python3.8/site-packages/sqlalchemy/engine/base.py", line 1147, in _commit_impl
    self._handle_dbapi_exception(e, None, None, None, None)
  File "/home/greenx9/miniconda3/envs/nerf/lib/python3.8/site-packages/sqlalchemy/engine/base.py", line 2366, in _handle_dbapi_exception
    raise exc_info[1].with_traceback(exc_info[2])
  File "/home/greenx9/miniconda3/envs/nerf/lib/python3.8/site-packages/sqlalchemy/engine/base.py", line 1145, in _commit_impl
    self.engine.dialect.do_commit(self.connection)
  File "/home/greenx9/miniconda3/envs/nerf/lib/python3.8/site-packages/sqlalchemy/engine/default.py", line 715, in do_commit
    dbapi_connection.commit()
  File "stage1_optims_lr_decay_mlr_search.py", line 61, in signal_handler
    raise KeyboardInterrupt
KeyboardInterrupt

During handling of the above exception, another exception occurred:

Traceback (most recent call last):
  File "stage1_optims_lr_decay_mlr_search.py", line 354, in <module>
    main()
  File "stage1_optims_lr_decay_mlr_search.py", line 343, in main
    study.optimize(objective, n_trials=remaining, callbacks=[callback])
  File "/home/greenx9/miniconda3/envs/nerf/lib/python3.8/site-packages/optuna/study/study.py", line 490, in optimize
    _optimize(
  File "/home/greenx9/miniconda3/envs/nerf/lib/python3.8/site-packages/optuna/study/_optimize.py", line 63, in _optimize
    _optimize_sequential(
  File "/home/greenx9/miniconda3/envs/nerf/lib/python3.8/site-packages/optuna/study/_optimize.py", line 160, in _optimize_sequential
    frozen_trial_id = _run_trial(study, func, catch)
  File "/home/greenx9/miniconda3/envs/nerf/lib/python3.8/site-packages/optuna/study/_optimize.py", line 227, in _run_trial
    if updated_state == TrialState.COMPLETE:
UnboundLocalError: local variable 'updated_state' referenced before assignment
