[I 2026-04-29 18:04:35,444] Using an existing study with name 'lego_aux-sign-auto-cos-inc_stage1only_100k_lr0p0003_decay100_mlr0.0003_args_muon_lr_only' instead of creating a new one.
[W 2026-04-29 18:04:42,429] Trial 1 failed with parameters: {'lrate': 0.0010615360772719654, 'lrate_decay': 386, 'muon_lrate': 0.0012019450985893186} because of the following error: RuntimeError("Child process failed with exit code 1: ['/venv/nerf/bin/python', '/workspace/exp_ips_github/run_ranksched_optims_optuna_ready.py', '--config', '/workspace/exp_ips_github/configs/lego.txt', '--basedir', '/workspace/exp_ips_github/logs/100k_muon_lr/lego/aux-sign-auto-cos-inc/lr0p0003_decay100_mlr0.0003_args', '--expname', 'lego_aux-sign-auto-cos-inc_100k_muonlr0p0012019451_adam0p0010615361_decay386_trial001', '--optimizer', 'aux-sign-auto-cos-inc', '--lrate', '0.0010615360772719654', '--lrate_decay', '386', '--muon_lrate', '0.0012019450985893186', '--muon_decay', '0.0', '--muon_momentum', '0.9', '--N_iters', '100000', '--eval_every', '5000', '--max_eval_views', '2', '--metric_out', '/workspace/exp_ips_github/logs/100k_muon_lr/lego/aux-sign-auto-cos-inc/lr0p0003_decay100_mlr0.0003_args/lego_aux-sign-auto-cos-inc_100k_muonlr0p0012019451_adam0p0010615361_decay386_trial001/metric.json', '--no_reload', '--seed', '0', '--lowrank_auto_init_rank_start']").
Traceback (most recent call last):
  File "/venv/nerf/lib/python3.8/site-packages/optuna/study/_optimize.py", line 201, in _run_trial
    value_or_values = func(trial)
  File "stage1_optims_lr_decay_mlr_search.py", line 259, in objective
    raise RuntimeError(f"Child process failed with exit code {ret}: {cmd}")
RuntimeError: Child process failed with exit code 1: ['/venv/nerf/bin/python', '/workspace/exp_ips_github/run_ranksched_optims_optuna_ready.py', '--config', '/workspace/exp_ips_github/configs/lego.txt', '--basedir', '/workspace/exp_ips_github/logs/100k_muon_lr/lego/aux-sign-auto-cos-inc/lr0p0003_decay100_mlr0.0003_args', '--expname', 'lego_aux-sign-auto-cos-inc_100k_muonlr0p0012019451_adam0p0010615361_decay386_trial001', '--optimizer', 'aux-sign-auto-cos-inc', '--lrate', '0.0010615360772719654', '--lrate_decay', '386', '--muon_lrate', '0.0012019450985893186', '--muon_decay', '0.0', '--muon_momentum', '0.9', '--N_iters', '100000', '--eval_every', '5000', '--max_eval_views', '2', '--metric_out', '/workspace/exp_ips_github/logs/100k_muon_lr/lego/aux-sign-auto-cos-inc/lr0p0003_decay100_mlr0.0003_args/lego_aux-sign-auto-cos-inc_100k_muonlr0p0012019451_adam0p0010615361_decay386_trial001/metric.json', '--no_reload', '--seed', '0', '--lowrank_auto_init_rank_start']
[W 2026-04-29 18:04:42,429] Trial 1 failed with value None.
[DONE] Summary saved to /workspace/exp_ips_github/logs/100k_muon_lr/lego/aux-sign-auto-cos-inc/lr0p0003_decay100_mlr0.0003_args/lego_aux-sign-auto-cos-inc_100k_lr0p0003_decay100_mlr0.0003_args_muon_lr_only_summary.json
Traceback (most recent call last):
  File "stage1_optims_lr_decay_mlr_search.py", line 354, in <module>
    main()
  File "stage1_optims_lr_decay_mlr_search.py", line 343, in main
    study.optimize(objective, n_trials=remaining, callbacks=[callback])
  File "/venv/nerf/lib/python3.8/site-packages/optuna/study/study.py", line 490, in optimize
    _optimize(
  File "/venv/nerf/lib/python3.8/site-packages/optuna/study/_optimize.py", line 63, in _optimize
    _optimize_sequential(
  File "/venv/nerf/lib/python3.8/site-packages/optuna/study/_optimize.py", line 160, in _optimize_sequential
    frozen_trial_id = _run_trial(study, func, catch)
  File "/venv/nerf/lib/python3.8/site-packages/optuna/study/_optimize.py", line 258, in _run_trial
    raise func_err
  File "/venv/nerf/lib/python3.8/site-packages/optuna/study/_optimize.py", line 201, in _run_trial
    value_or_values = func(trial)
  File "stage1_optims_lr_decay_mlr_search.py", line 259, in objective
    raise RuntimeError(f"Child process failed with exit code {ret}: {cmd}")
RuntimeError: Child process failed with exit code 1: ['/venv/nerf/bin/python', '/workspace/exp_ips_github/run_ranksched_optims_optuna_ready.py', '--config', '/workspace/exp_ips_github/configs/lego.txt', '--basedir', '/workspace/exp_ips_github/logs/100k_muon_lr/lego/aux-sign-auto-cos-inc/lr0p0003_decay100_mlr0.0003_args', '--expname', 'lego_aux-sign-auto-cos-inc_100k_muonlr0p0012019451_adam0p0010615361_decay386_trial001', '--optimizer', 'aux-sign-auto-cos-inc', '--lrate', '0.0010615360772719654', '--lrate_decay', '386', '--muon_lrate', '0.0012019450985893186', '--muon_decay', '0.0', '--muon_momentum', '0.9', '--N_iters', '100000', '--eval_every', '5000', '--max_eval_views', '2', '--metric_out', '/workspace/exp_ips_github/logs/100k_muon_lr/lego/aux-sign-auto-cos-inc/lr0p0003_decay100_mlr0.0003_args/lego_aux-sign-auto-cos-inc_100k_muonlr0p0012019451_adam0p0010615361_decay386_trial001/metric.json', '--no_reload', '--seed', '0', '--lowrank_auto_init_rank_start']
